2021-03-30 21:39:16,432 ERROR 17104 [-/::1/-/4ms GET /] nodejs.TypeError: Cannot set property 'body' of undefined
    at Object.$success (C:\Users\LI\Desktop\egg\egg-todo\app\extend\context.js:3:18)
    at HomeController.index (C:\Users\LI\Desktop\egg\egg-todo\app\controller\home.js:7:9)
    at Object.callFn (C:\Users\LI\Desktop\egg\egg-todo\node_modules\_egg-core@4.20.0@egg-core\lib\utils\index.js:44:21)
    at Object.classControllerMiddleware (C:\Users\LI\Desktop\egg\egg-todo\node_modules\_egg-core@4.20.0@egg-core\lib\loader\mixin\controller.js:87:20)
    at Object.callFn (C:\Users\LI\Desktop\egg\egg-todo\node_modules\_@eggjs_router@2.0.0@@eggjs\router\lib\utils.js:12:21)
    at wrappedController (C:\Users\LI\Desktop\egg\egg-todo\node_modules\_@eggjs_router@2.0.0@@eggjs\router\lib\egg_router.js:322:18)
    at dispatch (C:\Users\LI\Desktop\egg\egg-todo\node_modules\_koa-compose@3.2.1@koa-compose\index.js:44:32)
    at next (C:\Users\LI\Desktop\egg\egg-todo\node_modules\_koa-compose@3.2.1@koa-compose\index.js:45:18)
    at C:\Users\LI\Desktop\egg\egg-todo\node_modules\_@eggjs_router@2.0.0@@eggjs\router\lib\router.js:190:18
    at dispatch (C:\Users\LI\Desktop\egg\egg-todo\node_modules\_koa-compose@3.2.1@koa-compose\index.js:44:32)

pid: 17104
hostname: DESKTOP-LPGQGKC

2021-03-30 21:39:18,780 ERROR 17104 [-/::1/-/0ms GET /] nodejs.TypeError: Cannot set property 'body' of undefined
    at Object.$success (C:\Users\LI\Desktop\egg\egg-todo\app\extend\context.js:3:18)
    at HomeController.index (C:\Users\LI\Desktop\egg\egg-todo\app\controller\home.js:7:9)
    at Object.callFn (C:\Users\LI\Desktop\egg\egg-todo\node_modules\_egg-core@4.20.0@egg-core\lib\utils\index.js:44:21)
    at Object.classControllerMiddleware (C:\Users\LI\Desktop\egg\egg-todo\node_modules\_egg-core@4.20.0@egg-core\lib\loader\mixin\controller.js:87:20)
    at Object.callFn (C:\Users\LI\Desktop\egg\egg-todo\node_modules\_@eggjs_router@2.0.0@@eggjs\router\lib\utils.js:12:21)
    at wrappedController (C:\Users\LI\Desktop\egg\egg-todo\node_modules\_@eggjs_router@2.0.0@@eggjs\router\lib\egg_router.js:322:18)
    at dispatch (C:\Users\LI\Desktop\egg\egg-todo\node_modules\_koa-compose@3.2.1@koa-compose\index.js:44:32)
    at next (C:\Users\LI\Desktop\egg\egg-todo\node_modules\_koa-compose@3.2.1@koa-compose\index.js:45:18)
    at C:\Users\LI\Desktop\egg\egg-todo\node_modules\_@eggjs_router@2.0.0@@eggjs\router\lib\router.js:190:18
    at dispatch (C:\Users\LI\Desktop\egg\egg-todo\node_modules\_koa-compose@3.2.1@koa-compose\index.js:44:32)

pid: 17104
hostname: DESKTOP-LPGQGKC

2021-03-30 21:56:08,073 ERROR 10884 [-/::1/-/4ms GET /todoList] nodejs.TypeError: Cannot read property 'findAll' of undefined
    at HomeService.todoList (C:\Users\LI\Desktop\egg\egg-todo\app\service\home.js:8:36)
    at HomeController.todoList (C:\Users\LI\Desktop\egg\egg-todo\app\controller\home.js:14:48)
    at Object.callFn (C:\Users\LI\Desktop\egg\egg-todo\node_modules\_egg-core@4.20.0@egg-core\lib\utils\index.js:44:21)
    at Object.classControllerMiddleware (C:\Users\LI\Desktop\egg\egg-todo\node_modules\_egg-core@4.20.0@egg-core\lib\loader\mixin\controller.js:87:20)
    at Object.callFn (C:\Users\LI\Desktop\egg\egg-todo\node_modules\_@eggjs_router@2.0.0@@eggjs\router\lib\utils.js:12:21)
    at wrappedController (C:\Users\LI\Desktop\egg\egg-todo\node_modules\_@eggjs_router@2.0.0@@eggjs\router\lib\egg_router.js:322:18)
    at dispatch (C:\Users\LI\Desktop\egg\egg-todo\node_modules\_koa-compose@3.2.1@koa-compose\index.js:44:32)
    at next (C:\Users\LI\Desktop\egg\egg-todo\node_modules\_koa-compose@3.2.1@koa-compose\index.js:45:18)
    at C:\Users\LI\Desktop\egg\egg-todo\node_modules\_@eggjs_router@2.0.0@@eggjs\router\lib\router.js:190:18
    at dispatch (C:\Users\LI\Desktop\egg\egg-todo\node_modules\_koa-compose@3.2.1@koa-compose\index.js:44:32)

pid: 10884
hostname: DESKTOP-LPGQGKC

2021-03-30 21:58:04,183 ERROR 10884 [-/::1/-/1ms GET /todoList] nodejs.TypeError: Cannot read property 'findAll' of undefined
    at HomeService.todoList (C:\Users\LI\Desktop\egg\egg-todo\app\service\home.js:8:36)
    at HomeController.todoList (C:\Users\LI\Desktop\egg\egg-todo\app\controller\home.js:14:48)
    at Object.callFn (C:\Users\LI\Desktop\egg\egg-todo\node_modules\_egg-core@4.20.0@egg-core\lib\utils\index.js:44:21)
    at Object.classControllerMiddleware (C:\Users\LI\Desktop\egg\egg-todo\node_modules\_egg-core@4.20.0@egg-core\lib\loader\mixin\controller.js:87:20)
    at Object.callFn (C:\Users\LI\Desktop\egg\egg-todo\node_modules\_@eggjs_router@2.0.0@@eggjs\router\lib\utils.js:12:21)
    at wrappedController (C:\Users\LI\Desktop\egg\egg-todo\node_modules\_@eggjs_router@2.0.0@@eggjs\router\lib\egg_router.js:322:18)
    at dispatch (C:\Users\LI\Desktop\egg\egg-todo\node_modules\_koa-compose@3.2.1@koa-compose\index.js:44:32)
    at next (C:\Users\LI\Desktop\egg\egg-todo\node_modules\_koa-compose@3.2.1@koa-compose\index.js:45:18)
    at C:\Users\LI\Desktop\egg\egg-todo\node_modules\_@eggjs_router@2.0.0@@eggjs\router\lib\router.js:190:18
    at dispatch (C:\Users\LI\Desktop\egg\egg-todo\node_modules\_koa-compose@3.2.1@koa-compose\index.js:44:32)

pid: 10884
hostname: DESKTOP-LPGQGKC

2021-03-30 21:59:08,473 ERROR 19512 [-/::1/-/5ms GET /todoList] nodejs.TypeError: Cannot read property 'findAll' of undefined
    at HomeService.todoList (C:\Users\LI\Desktop\egg\egg-todo\app\service\home.js:8:36)
    at HomeController.todoList (C:\Users\LI\Desktop\egg\egg-todo\app\controller\home.js:14:48)
    at Object.callFn (C:\Users\LI\Desktop\egg\egg-todo\node_modules\_egg-core@4.20.0@egg-core\lib\utils\index.js:44:21)
    at Object.classControllerMiddleware (C:\Users\LI\Desktop\egg\egg-todo\node_modules\_egg-core@4.20.0@egg-core\lib\loader\mixin\controller.js:87:20)
    at Object.callFn (C:\Users\LI\Desktop\egg\egg-todo\node_modules\_@eggjs_router@2.0.0@@eggjs\router\lib\utils.js:12:21)
    at wrappedController (C:\Users\LI\Desktop\egg\egg-todo\node_modules\_@eggjs_router@2.0.0@@eggjs\router\lib\egg_router.js:322:18)
    at dispatch (C:\Users\LI\Desktop\egg\egg-todo\node_modules\_koa-compose@3.2.1@koa-compose\index.js:44:32)
    at next (C:\Users\LI\Desktop\egg\egg-todo\node_modules\_koa-compose@3.2.1@koa-compose\index.js:45:18)
    at C:\Users\LI\Desktop\egg\egg-todo\node_modules\_@eggjs_router@2.0.0@@eggjs\router\lib\router.js:190:18
    at dispatch (C:\Users\LI\Desktop\egg\egg-todo\node_modules\_koa-compose@3.2.1@koa-compose\index.js:44:32)

pid: 19512
hostname: DESKTOP-LPGQGKC

2021-03-30 22:01:53,954 ERROR 2368 [-/::1/-/5ms GET /todoList] nodejs.TypeError: Cannot read property 'findAll' of undefined
    at HomeService.todoList (C:\Users\LI\Desktop\egg\egg-todo\app\service\home.js:8:36)
    at HomeController.todoList (C:\Users\LI\Desktop\egg\egg-todo\app\controller\home.js:14:48)
    at Object.callFn (C:\Users\LI\Desktop\egg\egg-todo\node_modules\_egg-core@4.20.0@egg-core\lib\utils\index.js:44:21)
    at Object.classControllerMiddleware (C:\Users\LI\Desktop\egg\egg-todo\node_modules\_egg-core@4.20.0@egg-core\lib\loader\mixin\controller.js:87:20)
    at Object.callFn (C:\Users\LI\Desktop\egg\egg-todo\node_modules\_@eggjs_router@2.0.0@@eggjs\router\lib\utils.js:12:21)
    at wrappedController (C:\Users\LI\Desktop\egg\egg-todo\node_modules\_@eggjs_router@2.0.0@@eggjs\router\lib\egg_router.js:322:18)
    at dispatch (C:\Users\LI\Desktop\egg\egg-todo\node_modules\_koa-compose@3.2.1@koa-compose\index.js:44:32)
    at next (C:\Users\LI\Desktop\egg\egg-todo\node_modules\_koa-compose@3.2.1@koa-compose\index.js:45:18)
    at C:\Users\LI\Desktop\egg\egg-todo\node_modules\_@eggjs_router@2.0.0@@eggjs\router\lib\router.js:190:18
    at dispatch (C:\Users\LI\Desktop\egg\egg-todo\node_modules\_koa-compose@3.2.1@koa-compose\index.js:44:32)

pid: 2368
hostname: DESKTOP-LPGQGKC

2021-03-30 22:03:39,038 ERROR 18988 [-/::1/-/22ms GET /todoList] nodejs.SequelizeDatabaseError: Unknown column 'id' in 'field list'
    at Query.formatError (C:\Users\LI\Desktop\egg\egg-todo\node_modules\_sequelize@6.6.2@sequelize\lib\dialects\mysql\query.js:265:16)
    at Query.run (C:\Users\LI\Desktop\egg\egg-todo\node_modules\_sequelize@6.6.2@sequelize\lib\dialects\mysql\query.js:77:18)
    at processTicksAndRejections (internal/process/task_queues.js:97:5)
    at async C:\Users\LI\Desktop\egg\egg-todo\node_modules\_sequelize@6.6.2@sequelize\lib\sequelize.js:619:16
    at async MySQLQueryInterface.select (C:\Users\LI\Desktop\egg\egg-todo\node_modules\_sequelize@6.6.2@sequelize\lib\dialects\abstract\query-interface.js:953:12)
    at async Function.findAll (C:\Users\LI\Desktop\egg\egg-todo\node_modules\_sequelize@6.6.2@sequelize\lib\model.js:1753:21)
    at async HomeController.todoList (C:\Users\LI\Desktop\egg\egg-todo\app\controller\home.js:14:20)
    at async C:\Users\LI\Desktop\egg\egg-todo\node_modules\_egg-development@2.7.0@egg-development\app\middleware\egg_loader_trace.js:9:50
    at async xframe (C:\Users\LI\Desktop\egg\egg-todo\node_modules\_egg-security@2.8.0@egg-security\lib\middlewares\xframe.js:7:5)
    at async xssProtection (C:\Users\LI\Desktop\egg\egg-todo\node_modules\_egg-security@2.8.0@egg-security\lib\middlewares\xssProtection.js:7:5)
name: "SequelizeDatabaseError"
parent: {"code":"ER_BAD_FIELD_ERROR","errno":1054,"sqlState":"42S22","sqlMessage":"Unknown column 'id' in 'field list'","sql":"SELECT `id` AS `_id`, `openid` AS `_openid`, `content`, `create_time` AS `createTime`, `remarks`, `status`, `lever`, `end_time` AS `endTime` FROM `todos` AS `todos`;"}
original: {"code":"ER_BAD_FIELD_ERROR","errno":1054,"sqlState":"42S22","sqlMessage":"Unknown column 'id' in 'field list'","sql":"SELECT `id` AS `_id`, `openid` AS `_openid`, `content`, `create_time` AS `createTime`, `remarks`, `status`, `lever`, `end_time` AS `endTime` FROM `todos` AS `todos`;"}
sql: "SELECT `id` AS `_id`, `openid` AS `_openid`, `content`, `create_time` AS `createTime`, `remarks`, `status`, `lever`, `end_time` AS `endTime` FROM `todos` AS `todos`;"
parameters: undefined
pid: 18988
hostname: DESKTOP-LPGQGKC

2021-03-30 22:10:15,606 ERROR 17092 [-/::1/-/24ms GET /todoList] nodejs.SequelizeDatabaseError: Unknown column 'id' in 'field list'
    at Query.formatError (C:\Users\LI\Desktop\egg\egg-todo\node_modules\_sequelize@6.6.2@sequelize\lib\dialects\mysql\query.js:265:16)
    at Query.run (C:\Users\LI\Desktop\egg\egg-todo\node_modules\_sequelize@6.6.2@sequelize\lib\dialects\mysql\query.js:77:18)
    at processTicksAndRejections (internal/process/task_queues.js:97:5)
    at async C:\Users\LI\Desktop\egg\egg-todo\node_modules\_sequelize@6.6.2@sequelize\lib\sequelize.js:619:16
    at async MySQLQueryInterface.select (C:\Users\LI\Desktop\egg\egg-todo\node_modules\_sequelize@6.6.2@sequelize\lib\dialects\abstract\query-interface.js:953:12)
    at async Function.findAll (C:\Users\LI\Desktop\egg\egg-todo\node_modules\_sequelize@6.6.2@sequelize\lib\model.js:1753:21)
    at async HomeController.todoList (C:\Users\LI\Desktop\egg\egg-todo\app\controller\home.js:14:20)
    at async C:\Users\LI\Desktop\egg\egg-todo\node_modules\_egg-development@2.7.0@egg-development\app\middleware\egg_loader_trace.js:9:50
    at async xframe (C:\Users\LI\Desktop\egg\egg-todo\node_modules\_egg-security@2.8.0@egg-security\lib\middlewares\xframe.js:7:5)
    at async xssProtection (C:\Users\LI\Desktop\egg\egg-todo\node_modules\_egg-security@2.8.0@egg-security\lib\middlewares\xssProtection.js:7:5)
name: "SequelizeDatabaseError"
parent: {"code":"ER_BAD_FIELD_ERROR","errno":1054,"sqlState":"42S22","sqlMessage":"Unknown column 'id' in 'field list'","sql":"SELECT `id` AS `_id`, `openid` AS `_openid`, `content`, `create_time` AS `createTime`, `remarks`, `status`, `lever`, `end_time` AS `endTime` FROM `todos` AS `todos`;"}
original: {"code":"ER_BAD_FIELD_ERROR","errno":1054,"sqlState":"42S22","sqlMessage":"Unknown column 'id' in 'field list'","sql":"SELECT `id` AS `_id`, `openid` AS `_openid`, `content`, `create_time` AS `createTime`, `remarks`, `status`, `lever`, `end_time` AS `endTime` FROM `todos` AS `todos`;"}
sql: "SELECT `id` AS `_id`, `openid` AS `_openid`, `content`, `create_time` AS `createTime`, `remarks`, `status`, `lever`, `end_time` AS `endTime` FROM `todos` AS `todos`;"
parameters: undefined
pid: 17092
hostname: DESKTOP-LPGQGKC

2021-03-30 22:10:25,100 ERROR 11008 [-/::1/-/20ms GET /todoList] nodejs.SequelizeDatabaseError: Unknown column 'id' in 'field list'
    at Query.formatError (C:\Users\LI\Desktop\egg\egg-todo\node_modules\_sequelize@6.6.2@sequelize\lib\dialects\mysql\query.js:265:16)
    at Query.run (C:\Users\LI\Desktop\egg\egg-todo\node_modules\_sequelize@6.6.2@sequelize\lib\dialects\mysql\query.js:77:18)
    at processTicksAndRejections (internal/process/task_queues.js:97:5)
    at async C:\Users\LI\Desktop\egg\egg-todo\node_modules\_sequelize@6.6.2@sequelize\lib\sequelize.js:619:16
    at async MySQLQueryInterface.select (C:\Users\LI\Desktop\egg\egg-todo\node_modules\_sequelize@6.6.2@sequelize\lib\dialects\abstract\query-interface.js:953:12)
    at async Function.findAll (C:\Users\LI\Desktop\egg\egg-todo\node_modules\_sequelize@6.6.2@sequelize\lib\model.js:1753:21)
    at async HomeController.todoList (C:\Users\LI\Desktop\egg\egg-todo\app\controller\home.js:14:20)
    at async C:\Users\LI\Desktop\egg\egg-todo\node_modules\_egg-development@2.7.0@egg-development\app\middleware\egg_loader_trace.js:9:50
    at async xframe (C:\Users\LI\Desktop\egg\egg-todo\node_modules\_egg-security@2.8.0@egg-security\lib\middlewares\xframe.js:7:5)
    at async xssProtection (C:\Users\LI\Desktop\egg\egg-todo\node_modules\_egg-security@2.8.0@egg-security\lib\middlewares\xssProtection.js:7:5)
name: "SequelizeDatabaseError"
parent: {"code":"ER_BAD_FIELD_ERROR","errno":1054,"sqlState":"42S22","sqlMessage":"Unknown column 'id' in 'field list'","sql":"SELECT `id` AS `_id`, `openid` AS `_openid`, `content`, `create_time` AS `createTime`, `remarks`, `status`, `lever`, `end_time` AS `endTime` FROM `todos` AS `todos`;"}
original: {"code":"ER_BAD_FIELD_ERROR","errno":1054,"sqlState":"42S22","sqlMessage":"Unknown column 'id' in 'field list'","sql":"SELECT `id` AS `_id`, `openid` AS `_openid`, `content`, `create_time` AS `createTime`, `remarks`, `status`, `lever`, `end_time` AS `endTime` FROM `todos` AS `todos`;"}
sql: "SELECT `id` AS `_id`, `openid` AS `_openid`, `content`, `create_time` AS `createTime`, `remarks`, `status`, `lever`, `end_time` AS `endTime` FROM `todos` AS `todos`;"
parameters: undefined
pid: 11008
hostname: DESKTOP-LPGQGKC

2021-03-30 22:10:49,163 ERROR 12204 [-/::1/-/27ms GET /todoList] nodejs.SequelizeDatabaseError: Unknown column 'id' in 'field list'
    at Query.formatError (C:\Users\LI\Desktop\egg\egg-todo\node_modules\_sequelize@6.6.2@sequelize\lib\dialects\mysql\query.js:265:16)
    at Query.run (C:\Users\LI\Desktop\egg\egg-todo\node_modules\_sequelize@6.6.2@sequelize\lib\dialects\mysql\query.js:77:18)
    at processTicksAndRejections (internal/process/task_queues.js:97:5)
    at async C:\Users\LI\Desktop\egg\egg-todo\node_modules\_sequelize@6.6.2@sequelize\lib\sequelize.js:619:16
    at async MySQLQueryInterface.select (C:\Users\LI\Desktop\egg\egg-todo\node_modules\_sequelize@6.6.2@sequelize\lib\dialects\abstract\query-interface.js:953:12)
    at async Function.findAll (C:\Users\LI\Desktop\egg\egg-todo\node_modules\_sequelize@6.6.2@sequelize\lib\model.js:1753:21)
    at async HomeController.todoList (C:\Users\LI\Desktop\egg\egg-todo\app\controller\home.js:14:20)
    at async C:\Users\LI\Desktop\egg\egg-todo\node_modules\_egg-development@2.7.0@egg-development\app\middleware\egg_loader_trace.js:9:50
    at async xframe (C:\Users\LI\Desktop\egg\egg-todo\node_modules\_egg-security@2.8.0@egg-security\lib\middlewares\xframe.js:7:5)
    at async xssProtection (C:\Users\LI\Desktop\egg\egg-todo\node_modules\_egg-security@2.8.0@egg-security\lib\middlewares\xssProtection.js:7:5)
name: "SequelizeDatabaseError"
parent: {"code":"ER_BAD_FIELD_ERROR","errno":1054,"sqlState":"42S22","sqlMessage":"Unknown column 'id' in 'field list'","sql":"SELECT `id`, `openid` AS `_openid`, `content`, `create_time` AS `createTime`, `remarks`, `status`, `lever`, `end_time` AS `endTime` FROM `todos` AS `todos`;"}
original: {"code":"ER_BAD_FIELD_ERROR","errno":1054,"sqlState":"42S22","sqlMessage":"Unknown column 'id' in 'field list'","sql":"SELECT `id`, `openid` AS `_openid`, `content`, `create_time` AS `createTime`, `remarks`, `status`, `lever`, `end_time` AS `endTime` FROM `todos` AS `todos`;"}
sql: "SELECT `id`, `openid` AS `_openid`, `content`, `create_time` AS `createTime`, `remarks`, `status`, `lever`, `end_time` AS `endTime` FROM `todos` AS `todos`;"
parameters: undefined
pid: 12204
hostname: DESKTOP-LPGQGKC

2021-03-30 22:13:49,752 ERROR 19916 [-/::1/-/20ms GET /todoList] nodejs.SequelizeDatabaseError: Unknown column 'id' in 'field list'
    at Query.formatError (C:\Users\LI\Desktop\egg\egg-todo\node_modules\_sequelize@6.6.2@sequelize\lib\dialects\mysql\query.js:265:16)
    at Query.run (C:\Users\LI\Desktop\egg\egg-todo\node_modules\_sequelize@6.6.2@sequelize\lib\dialects\mysql\query.js:77:18)
    at processTicksAndRejections (internal/process/task_queues.js:97:5)
    at async C:\Users\LI\Desktop\egg\egg-todo\node_modules\_sequelize@6.6.2@sequelize\lib\sequelize.js:619:16
    at async MySQLQueryInterface.select (C:\Users\LI\Desktop\egg\egg-todo\node_modules\_sequelize@6.6.2@sequelize\lib\dialects\abstract\query-interface.js:953:12)
    at async Function.findAll (C:\Users\LI\Desktop\egg\egg-todo\node_modules\_sequelize@6.6.2@sequelize\lib\model.js:1753:21)
    at async HomeController.todoList (C:\Users\LI\Desktop\egg\egg-todo\app\controller\home.js:14:20)
    at async C:\Users\LI\Desktop\egg\egg-todo\node_modules\_egg-development@2.7.0@egg-development\app\middleware\egg_loader_trace.js:9:50
    at async xframe (C:\Users\LI\Desktop\egg\egg-todo\node_modules\_egg-security@2.8.0@egg-security\lib\middlewares\xframe.js:7:5)
    at async xssProtection (C:\Users\LI\Desktop\egg\egg-todo\node_modules\_egg-security@2.8.0@egg-security\lib\middlewares\xssProtection.js:7:5)
name: "SequelizeDatabaseError"
parent: {"code":"ER_BAD_FIELD_ERROR","errno":1054,"sqlState":"42S22","sqlMessage":"Unknown column 'id' in 'field list'","sql":"SELECT `id` AS `_id`, `openid` AS `_openid`, `content`, `create_time` AS `createTime`, `remarks`, `status`, `lever`, `end_time` AS `endTime` FROM `todos` AS `todos`;"}
original: {"code":"ER_BAD_FIELD_ERROR","errno":1054,"sqlState":"42S22","sqlMessage":"Unknown column 'id' in 'field list'","sql":"SELECT `id` AS `_id`, `openid` AS `_openid`, `content`, `create_time` AS `createTime`, `remarks`, `status`, `lever`, `end_time` AS `endTime` FROM `todos` AS `todos`;"}
sql: "SELECT `id` AS `_id`, `openid` AS `_openid`, `content`, `create_time` AS `createTime`, `remarks`, `status`, `lever`, `end_time` AS `endTime` FROM `todos` AS `todos`;"
parameters: undefined
pid: 19916
hostname: DESKTOP-LPGQGKC

2021-03-30 22:15:09,100 ERROR 20036 [-/::1/-/20ms GET /todoList] nodejs.SequelizeDatabaseError: Unknown column 'id' in 'field list'
    at Query.formatError (C:\Users\LI\Desktop\egg\egg-todo\node_modules\_sequelize@6.6.2@sequelize\lib\dialects\mysql\query.js:265:16)
    at Query.run (C:\Users\LI\Desktop\egg\egg-todo\node_modules\_sequelize@6.6.2@sequelize\lib\dialects\mysql\query.js:77:18)
    at processTicksAndRejections (internal/process/task_queues.js:97:5)
    at async C:\Users\LI\Desktop\egg\egg-todo\node_modules\_sequelize@6.6.2@sequelize\lib\sequelize.js:619:16
    at async MySQLQueryInterface.select (C:\Users\LI\Desktop\egg\egg-todo\node_modules\_sequelize@6.6.2@sequelize\lib\dialects\abstract\query-interface.js:953:12)
    at async Function.findAll (C:\Users\LI\Desktop\egg\egg-todo\node_modules\_sequelize@6.6.2@sequelize\lib\model.js:1753:21)
    at async HomeController.todoList (C:\Users\LI\Desktop\egg\egg-todo\app\controller\home.js:14:20)
    at async C:\Users\LI\Desktop\egg\egg-todo\node_modules\_egg-development@2.7.0@egg-development\app\middleware\egg_loader_trace.js:9:50
    at async xframe (C:\Users\LI\Desktop\egg\egg-todo\node_modules\_egg-security@2.8.0@egg-security\lib\middlewares\xframe.js:7:5)
    at async xssProtection (C:\Users\LI\Desktop\egg\egg-todo\node_modules\_egg-security@2.8.0@egg-security\lib\middlewares\xssProtection.js:7:5)
name: "SequelizeDatabaseError"
parent: {"code":"ER_BAD_FIELD_ERROR","errno":1054,"sqlState":"42S22","sqlMessage":"Unknown column 'id' in 'field list'","sql":"SELECT `id` AS `_id`, `openid` AS `_openid`, `content`, `create_time` AS `createTime`, `remarks`, `status`, `lever`, `end_time` AS `endTime` FROM `todos` AS `todos`;"}
original: {"code":"ER_BAD_FIELD_ERROR","errno":1054,"sqlState":"42S22","sqlMessage":"Unknown column 'id' in 'field list'","sql":"SELECT `id` AS `_id`, `openid` AS `_openid`, `content`, `create_time` AS `createTime`, `remarks`, `status`, `lever`, `end_time` AS `endTime` FROM `todos` AS `todos`;"}
sql: "SELECT `id` AS `_id`, `openid` AS `_openid`, `content`, `create_time` AS `createTime`, `remarks`, `status`, `lever`, `end_time` AS `endTime` FROM `todos` AS `todos`;"
parameters: undefined
pid: 20036
hostname: DESKTOP-LPGQGKC

2021-03-30 22:15:58,068 ERROR 19436 [-/::1/-/20ms GET /todoList] nodejs.SequelizeDatabaseError: Unknown column 'create_time' in 'field list'
    at Query.formatError (C:\Users\LI\Desktop\egg\egg-todo\node_modules\_sequelize@6.6.2@sequelize\lib\dialects\mysql\query.js:265:16)
    at Query.run (C:\Users\LI\Desktop\egg\egg-todo\node_modules\_sequelize@6.6.2@sequelize\lib\dialects\mysql\query.js:77:18)
    at processTicksAndRejections (internal/process/task_queues.js:97:5)
    at async C:\Users\LI\Desktop\egg\egg-todo\node_modules\_sequelize@6.6.2@sequelize\lib\sequelize.js:619:16
    at async MySQLQueryInterface.select (C:\Users\LI\Desktop\egg\egg-todo\node_modules\_sequelize@6.6.2@sequelize\lib\dialects\abstract\query-interface.js:953:12)
    at async Function.findAll (C:\Users\LI\Desktop\egg\egg-todo\node_modules\_sequelize@6.6.2@sequelize\lib\model.js:1753:21)
    at async HomeController.todoList (C:\Users\LI\Desktop\egg\egg-todo\app\controller\home.js:14:20)
    at async C:\Users\LI\Desktop\egg\egg-todo\node_modules\_egg-development@2.7.0@egg-development\app\middleware\egg_loader_trace.js:9:50
    at async xframe (C:\Users\LI\Desktop\egg\egg-todo\node_modules\_egg-security@2.8.0@egg-security\lib\middlewares\xframe.js:7:5)
    at async xssProtection (C:\Users\LI\Desktop\egg\egg-todo\node_modules\_egg-security@2.8.0@egg-security\lib\middlewares\xssProtection.js:7:5)
name: "SequelizeDatabaseError"
parent: {"code":"ER_BAD_FIELD_ERROR","errno":1054,"sqlState":"42S22","sqlMessage":"Unknown column 'create_time' in 'field list'","sql":"SELECT `id`, `openid`, `content`, `create_time` AS `createTime`, `remarks`, `status`, `lever`, `end_time` AS `endTime` FROM `todos` AS `todos`;"}
original: {"code":"ER_BAD_FIELD_ERROR","errno":1054,"sqlState":"42S22","sqlMessage":"Unknown column 'create_time' in 'field list'","sql":"SELECT `id`, `openid`, `content`, `create_time` AS `createTime`, `remarks`, `status`, `lever`, `end_time` AS `endTime` FROM `todos` AS `todos`;"}
sql: "SELECT `id`, `openid`, `content`, `create_time` AS `createTime`, `remarks`, `status`, `lever`, `end_time` AS `endTime` FROM `todos` AS `todos`;"
parameters: undefined
pid: 19436
hostname: DESKTOP-LPGQGKC

2021-03-30 22:18:11,787 ERROR 20212 [-/::1/-/24ms GET /todoList] nodejs.SequelizeDatabaseError: Unknown column 'end_time' in 'field list'
    at Query.formatError (C:\Users\LI\Desktop\egg\egg-todo\node_modules\_sequelize@6.6.2@sequelize\lib\dialects\mysql\query.js:265:16)
    at Query.run (C:\Users\LI\Desktop\egg\egg-todo\node_modules\_sequelize@6.6.2@sequelize\lib\dialects\mysql\query.js:77:18)
    at processTicksAndRejections (internal/process/task_queues.js:97:5)
    at async C:\Users\LI\Desktop\egg\egg-todo\node_modules\_sequelize@6.6.2@sequelize\lib\sequelize.js:619:16
    at async MySQLQueryInterface.select (C:\Users\LI\Desktop\egg\egg-todo\node_modules\_sequelize@6.6.2@sequelize\lib\dialects\abstract\query-interface.js:953:12)
    at async Function.findAll (C:\Users\LI\Desktop\egg\egg-todo\node_modules\_sequelize@6.6.2@sequelize\lib\model.js:1753:21)
    at async HomeController.todoList (C:\Users\LI\Desktop\egg\egg-todo\app\controller\home.js:14:20)
    at async C:\Users\LI\Desktop\egg\egg-todo\node_modules\_egg-development@2.7.0@egg-development\app\middleware\egg_loader_trace.js:9:50
    at async xframe (C:\Users\LI\Desktop\egg\egg-todo\node_modules\_egg-security@2.8.0@egg-security\lib\middlewares\xframe.js:7:5)
    at async xssProtection (C:\Users\LI\Desktop\egg\egg-todo\node_modules\_egg-security@2.8.0@egg-security\lib\middlewares\xssProtection.js:7:5)
name: "SequelizeDatabaseError"
parent: {"code":"ER_BAD_FIELD_ERROR","errno":1054,"sqlState":"42S22","sqlMessage":"Unknown column 'end_time' in 'field list'","sql":"SELECT `id`, `openid`, `content`, `createTime`, `remarks`, `status`, `lever`, `end_time` AS `endTime` FROM `todos` AS `todos`;"}
original: {"code":"ER_BAD_FIELD_ERROR","errno":1054,"sqlState":"42S22","sqlMessage":"Unknown column 'end_time' in 'field list'","sql":"SELECT `id`, `openid`, `content`, `createTime`, `remarks`, `status`, `lever`, `end_time` AS `endTime` FROM `todos` AS `todos`;"}
sql: "SELECT `id`, `openid`, `content`, `createTime`, `remarks`, `status`, `lever`, `end_time` AS `endTime` FROM `todos` AS `todos`;"
parameters: undefined
pid: 20212
hostname: DESKTOP-LPGQGKC

