2021-04-13 20:33:52,336 INFO 17632 [Timer] C:\Users\LI\Desktop\egg\egg-todo\node_modules\_egg-multipart@2.10.3@egg-multipart\app\schedule\clean_tmpdir.js next time will execute after 28567666ms at 2021-04-14 04:30:00.002
2021-04-13 20:33:52,336 INFO 17632 [Timer] C:\Users\LI\Desktop\egg\egg-todo\node_modules\_egg-logrotator@3.1.0@egg-logrotator\app\schedule\clean_log.js next time will execute after 12367664ms at 2021-04-14 00:00:00.000
2021-04-13 20:33:52,337 INFO 17632 [Timer] C:\Users\LI\Desktop\egg\egg-todo\node_modules\_egg-logrotator@3.1.0@egg-logrotator\app\schedule\rotate_by_file.js next time will execute after 12368664ms at 2021-04-14 00:00:01.001
2021-04-13 20:33:52,337 INFO 17632 [Timer] C:\Users\LI\Desktop\egg\egg-todo\app\schedule\sendMsg.js next time will execute after 60000ms at 2021-04-13 20:34:52.337
2021-04-13 20:33:51,675 INFO 6024 [egg-schedule]: register schedule C:\Users\LI\Desktop\egg\egg-todo\node_modules\_egg-multipart@2.10.3@egg-multipart\app\schedule\clean_tmpdir.js
2021-04-13 20:33:51,675 INFO 6024 [egg-schedule]: register schedule C:\Users\LI\Desktop\egg\egg-todo\node_modules\_egg-logrotator@3.1.0@egg-logrotator\app\schedule\clean_log.js
2021-04-13 20:33:51,675 INFO 6024 [egg-schedule]: register schedule C:\Users\LI\Desktop\egg\egg-todo\node_modules\_egg-logrotator@3.1.0@egg-logrotator\app\schedule\rotate_by_file.js
2021-04-13 20:33:51,675 INFO 6024 [egg-schedule]: register schedule C:\Users\LI\Desktop\egg\egg-todo\app\schedule\sendMsg.js
2021-04-13 20:34:52,338 INFO 17632 [Timer] C:\Users\LI\Desktop\egg\egg-todo\app\schedule\sendMsg.js next time will execute after 60000ms at 2021-04-13 20:35:52.338
2021-04-13 20:34:52,338 INFO 6024 [Job#1618317292337147795579266956001] C:\Users\LI\Desktop\egg\egg-todo\app\schedule\sendMsg.js executing by app
2021-04-13 20:34:52,339 INFO 6024 [Job#1618317292337147795579266956001] C:\Users\LI\Desktop\egg\egg-todo\app\schedule\sendMsg.js execute succeed, used 1ms. 
2021-04-13 20:35:21,983 INFO 16232 [egg-schedule]: register schedule C:\Users\LI\Desktop\egg\egg-todo\node_modules\_egg-multipart@2.10.3@egg-multipart\app\schedule\clean_tmpdir.js
2021-04-13 20:35:21,983 INFO 16232 [egg-schedule]: register schedule C:\Users\LI\Desktop\egg\egg-todo\node_modules\_egg-logrotator@3.1.0@egg-logrotator\app\schedule\clean_log.js
2021-04-13 20:35:21,983 INFO 16232 [egg-schedule]: register schedule C:\Users\LI\Desktop\egg\egg-todo\node_modules\_egg-logrotator@3.1.0@egg-logrotator\app\schedule\rotate_by_file.js
2021-04-13 20:35:21,983 INFO 16232 [egg-schedule]: register schedule C:\Users\LI\Desktop\egg\egg-todo\app\schedule\sendMsg.js
2021-04-13 20:35:24,353 INFO 11344 [egg-schedule]: register schedule C:\Users\LI\Desktop\egg\egg-todo\node_modules\_egg-multipart@2.10.3@egg-multipart\app\schedule\clean_tmpdir.js
2021-04-13 20:35:24,353 INFO 11344 [egg-schedule]: register schedule C:\Users\LI\Desktop\egg\egg-todo\node_modules\_egg-logrotator@3.1.0@egg-logrotator\app\schedule\clean_log.js
2021-04-13 20:35:24,353 INFO 11344 [egg-schedule]: register schedule C:\Users\LI\Desktop\egg\egg-todo\node_modules\_egg-logrotator@3.1.0@egg-logrotator\app\schedule\rotate_by_file.js
2021-04-13 20:35:24,353 INFO 11344 [egg-schedule]: register schedule C:\Users\LI\Desktop\egg\egg-todo\app\schedule\sendMsg.js
2021-04-13 20:35:50,014 INFO 16908 [egg-schedule]: register schedule C:\Users\LI\Desktop\egg\egg-todo\node_modules\_egg-multipart@2.10.3@egg-multipart\app\schedule\clean_tmpdir.js
2021-04-13 20:35:50,014 INFO 16908 [egg-schedule]: register schedule C:\Users\LI\Desktop\egg\egg-todo\node_modules\_egg-logrotator@3.1.0@egg-logrotator\app\schedule\clean_log.js
2021-04-13 20:35:50,014 INFO 16908 [egg-schedule]: register schedule C:\Users\LI\Desktop\egg\egg-todo\node_modules\_egg-logrotator@3.1.0@egg-logrotator\app\schedule\rotate_by_file.js
2021-04-13 20:35:50,014 INFO 16908 [egg-schedule]: register schedule C:\Users\LI\Desktop\egg\egg-todo\app\schedule\sendMsg.js
2021-04-13 20:35:52,339 INFO 17632 [Timer] C:\Users\LI\Desktop\egg\egg-todo\app\schedule\sendMsg.js next time will execute after 60000ms at 2021-04-13 20:36:52.339
2021-04-13 20:35:52,339 INFO 16908 [Job#1618317352339147796179282478982] C:\Users\LI\Desktop\egg\egg-todo\app\schedule\sendMsg.js executing by app
2021-04-13 20:35:52,339 INFO 16908 [Job#1618317352339147796179282478982] C:\Users\LI\Desktop\egg\egg-todo\app\schedule\sendMsg.js execute succeed, used 0ms. 
2021-04-13 20:36:52,339 INFO 17632 [Timer] C:\Users\LI\Desktop\egg\egg-todo\app\schedule\sendMsg.js next time will execute after 60000ms at 2021-04-13 20:37:52.339
2021-04-13 20:36:52,340 INFO 16908 [Job#1618317412339147796779288747003] C:\Users\LI\Desktop\egg\egg-todo\app\schedule\sendMsg.js executing by app
2021-04-13 20:36:52,340 INFO 16908 [Job#1618317412339147796779288747003] C:\Users\LI\Desktop\egg\egg-todo\app\schedule\sendMsg.js execute succeed, used 0ms. 
2021-04-13 20:37:42,512 INFO 12968 [egg-schedule]: register schedule C:\Users\LI\Desktop\egg\egg-todo\node_modules\_egg-multipart@2.10.3@egg-multipart\app\schedule\clean_tmpdir.js
2021-04-13 20:37:42,512 INFO 12968 [egg-schedule]: register schedule C:\Users\LI\Desktop\egg\egg-todo\node_modules\_egg-logrotator@3.1.0@egg-logrotator\app\schedule\clean_log.js
2021-04-13 20:37:42,512 INFO 12968 [egg-schedule]: register schedule C:\Users\LI\Desktop\egg\egg-todo\node_modules\_egg-logrotator@3.1.0@egg-logrotator\app\schedule\rotate_by_file.js
2021-04-13 20:37:42,512 INFO 12968 [egg-schedule]: register schedule C:\Users\LI\Desktop\egg\egg-todo\app\schedule\sendMsg.js
2021-04-13 20:37:52,341 INFO 12968 [Job#1618317472340147797379299911984] C:\Users\LI\Desktop\egg\egg-todo\app\schedule\sendMsg.js executing by app
2021-04-13 20:37:52,341 INFO 12968 [Job#1618317472340147797379299911984] C:\Users\LI\Desktop\egg\egg-todo\app\schedule\sendMsg.js execute succeed, used 0ms. 
2021-04-13 20:37:52,340 INFO 17632 [Timer] C:\Users\LI\Desktop\egg\egg-todo\app\schedule\sendMsg.js next time will execute after 60000ms at 2021-04-13 20:38:52.340
2021-04-13 20:37:53,851 INFO 18832 [egg-schedule]: register schedule C:\Users\LI\Desktop\egg\egg-todo\node_modules\_egg-multipart@2.10.3@egg-multipart\app\schedule\clean_tmpdir.js
2021-04-13 20:37:53,851 INFO 18832 [egg-schedule]: register schedule C:\Users\LI\Desktop\egg\egg-todo\node_modules\_egg-logrotator@3.1.0@egg-logrotator\app\schedule\clean_log.js
2021-04-13 20:37:53,851 INFO 18832 [egg-schedule]: register schedule C:\Users\LI\Desktop\egg\egg-todo\node_modules\_egg-logrotator@3.1.0@egg-logrotator\app\schedule\rotate_by_file.js
2021-04-13 20:37:53,851 INFO 18832 [egg-schedule]: register schedule C:\Users\LI\Desktop\egg\egg-todo\app\schedule\sendMsg.js
2021-04-13 20:37:54,327 INFO 18832 [Job#1618317472340147797379299911984] C:\Users\LI\Desktop\egg\egg-todo\app\schedule\sendMsg.js executing by app
2021-04-13 20:37:54,327 INFO 18832 [Job#1618317472340147797379299911984] C:\Users\LI\Desktop\egg\egg-todo\app\schedule\sendMsg.js execute succeed, used 0ms. 
2021-04-13 20:38:14,010 INFO 15648 [egg-schedule]: register schedule C:\Users\LI\Desktop\egg\egg-todo\node_modules\_egg-multipart@2.10.3@egg-multipart\app\schedule\clean_tmpdir.js
2021-04-13 20:38:14,010 INFO 15648 [egg-schedule]: register schedule C:\Users\LI\Desktop\egg\egg-todo\node_modules\_egg-logrotator@3.1.0@egg-logrotator\app\schedule\clean_log.js
2021-04-13 20:38:14,010 INFO 15648 [egg-schedule]: register schedule C:\Users\LI\Desktop\egg\egg-todo\node_modules\_egg-logrotator@3.1.0@egg-logrotator\app\schedule\rotate_by_file.js
2021-04-13 20:38:14,010 INFO 15648 [egg-schedule]: register schedule C:\Users\LI\Desktop\egg\egg-todo\app\schedule\sendMsg.js
2021-04-13 20:38:41,935 INFO 8316 [egg-schedule]: register schedule C:\Users\LI\Desktop\egg\egg-todo\node_modules\_egg-multipart@2.10.3@egg-multipart\app\schedule\clean_tmpdir.js
2021-04-13 20:38:41,935 INFO 8316 [egg-schedule]: register schedule C:\Users\LI\Desktop\egg\egg-todo\node_modules\_egg-logrotator@3.1.0@egg-logrotator\app\schedule\clean_log.js
2021-04-13 20:38:41,935 INFO 8316 [egg-schedule]: register schedule C:\Users\LI\Desktop\egg\egg-todo\node_modules\_egg-logrotator@3.1.0@egg-logrotator\app\schedule\rotate_by_file.js
2021-04-13 20:38:41,935 INFO 8316 [egg-schedule]: register schedule C:\Users\LI\Desktop\egg\egg-todo\app\schedule\sendMsg.js
2021-04-13 20:38:52,344 INFO 17632 [Timer] C:\Users\LI\Desktop\egg\egg-todo\app\schedule\sendMsg.js next time will execute after 60000ms at 2021-04-13 20:39:52.344
2021-04-13 20:38:52,342 INFO 8316 [Job#1618317532341147797979313613005] C:\Users\LI\Desktop\egg\egg-todo\app\schedule\sendMsg.js executing by app
2021-04-13 20:38:52,343 INFO 8316 [Job#1618317532341147797979313613005] C:\Users\LI\Desktop\egg\egg-todo\app\schedule\sendMsg.js execute succeed, used 0ms. 
2021-04-13 20:39:12,745 INFO 11176 [egg-schedule]: register schedule C:\Users\LI\Desktop\egg\egg-todo\node_modules\_egg-multipart@2.10.3@egg-multipart\app\schedule\clean_tmpdir.js
2021-04-13 20:39:12,745 INFO 11176 [egg-schedule]: register schedule C:\Users\LI\Desktop\egg\egg-todo\node_modules\_egg-logrotator@3.1.0@egg-logrotator\app\schedule\clean_log.js
2021-04-13 20:39:12,745 INFO 11176 [egg-schedule]: register schedule C:\Users\LI\Desktop\egg\egg-todo\node_modules\_egg-logrotator@3.1.0@egg-logrotator\app\schedule\rotate_by_file.js
2021-04-13 20:39:12,745 INFO 11176 [egg-schedule]: register schedule C:\Users\LI\Desktop\egg\egg-todo\app\schedule\sendMsg.js
2021-04-13 20:39:52,345 INFO 11176 [Job#1618317592345147798579346043986] C:\Users\LI\Desktop\egg\egg-todo\app\schedule\sendMsg.js executing by app
2021-04-13 20:39:52,346 INFO 11176 [Job#1618317592345147798579346043986] C:\Users\LI\Desktop\egg\egg-todo\app\schedule\sendMsg.js execute succeed, used 0ms. 
2021-04-13 20:39:52,345 INFO 17632 [Timer] C:\Users\LI\Desktop\egg\egg-todo\app\schedule\sendMsg.js next time will execute after 60000ms at 2021-04-13 20:40:52.345
2021-04-13 20:39:56,239 INFO 20852 [egg-schedule]: register schedule C:\Users\LI\Desktop\egg\egg-todo\node_modules\_egg-multipart@2.10.3@egg-multipart\app\schedule\clean_tmpdir.js
2021-04-13 20:39:56,239 INFO 20852 [egg-schedule]: register schedule C:\Users\LI\Desktop\egg\egg-todo\node_modules\_egg-logrotator@3.1.0@egg-logrotator\app\schedule\clean_log.js
2021-04-13 20:39:56,239 INFO 20852 [egg-schedule]: register schedule C:\Users\LI\Desktop\egg\egg-todo\node_modules\_egg-logrotator@3.1.0@egg-logrotator\app\schedule\rotate_by_file.js
2021-04-13 20:39:56,239 INFO 20852 [egg-schedule]: register schedule C:\Users\LI\Desktop\egg\egg-todo\app\schedule\sendMsg.js
2021-04-13 20:40:06,545 INFO 1828 [egg-schedule]: register schedule C:\Users\LI\Desktop\egg\egg-todo\node_modules\_egg-multipart@2.10.3@egg-multipart\app\schedule\clean_tmpdir.js
2021-04-13 20:40:06,545 INFO 1828 [egg-schedule]: register schedule C:\Users\LI\Desktop\egg\egg-todo\node_modules\_egg-logrotator@3.1.0@egg-logrotator\app\schedule\clean_log.js
2021-04-13 20:40:06,545 INFO 1828 [egg-schedule]: register schedule C:\Users\LI\Desktop\egg\egg-todo\node_modules\_egg-logrotator@3.1.0@egg-logrotator\app\schedule\rotate_by_file.js
2021-04-13 20:40:06,545 INFO 1828 [egg-schedule]: register schedule C:\Users\LI\Desktop\egg\egg-todo\app\schedule\sendMsg.js
2021-04-13 20:40:52,345 INFO 1828 [Job#1618317652345147799179345696007] C:\Users\LI\Desktop\egg\egg-todo\app\schedule\sendMsg.js executing by app
2021-04-13 20:40:52,346 INFO 1828 [Job#1618317652345147799179345696007] C:\Users\LI\Desktop\egg\egg-todo\app\schedule\sendMsg.js execute succeed, used 0ms. 
2021-04-13 20:40:52,345 INFO 17632 [Timer] C:\Users\LI\Desktop\egg\egg-todo\app\schedule\sendMsg.js next time will execute after 60000ms at 2021-04-13 20:41:52.345
2021-04-13 20:40:57,865 INFO 4132 [egg-schedule]: register schedule C:\Users\LI\Desktop\egg\egg-todo\node_modules\_egg-multipart@2.10.3@egg-multipart\app\schedule\clean_tmpdir.js
2021-04-13 20:40:57,865 INFO 4132 [egg-schedule]: register schedule C:\Users\LI\Desktop\egg\egg-todo\node_modules\_egg-logrotator@3.1.0@egg-logrotator\app\schedule\clean_log.js
2021-04-13 20:40:57,865 INFO 4132 [egg-schedule]: register schedule C:\Users\LI\Desktop\egg\egg-todo\node_modules\_egg-logrotator@3.1.0@egg-logrotator\app\schedule\rotate_by_file.js
2021-04-13 20:40:57,865 INFO 4132 [egg-schedule]: register schedule C:\Users\LI\Desktop\egg\egg-todo\app\schedule\sendMsg.js
2021-04-13 20:41:09,124 INFO 10292 [egg-schedule]: register schedule C:\Users\LI\Desktop\egg\egg-todo\node_modules\_egg-multipart@2.10.3@egg-multipart\app\schedule\clean_tmpdir.js
2021-04-13 20:41:09,124 INFO 10292 [egg-schedule]: register schedule C:\Users\LI\Desktop\egg\egg-todo\node_modules\_egg-logrotator@3.1.0@egg-logrotator\app\schedule\clean_log.js
2021-04-13 20:41:09,124 INFO 10292 [egg-schedule]: register schedule C:\Users\LI\Desktop\egg\egg-todo\node_modules\_egg-logrotator@3.1.0@egg-logrotator\app\schedule\rotate_by_file.js
2021-04-13 20:41:09,124 INFO 10292 [egg-schedule]: register schedule C:\Users\LI\Desktop\egg\egg-todo\app\schedule\sendMsg.js
2021-04-13 20:41:12,452 INFO 19180 [egg-schedule]: register schedule C:\Users\LI\Desktop\egg\egg-todo\node_modules\_egg-multipart@2.10.3@egg-multipart\app\schedule\clean_tmpdir.js
2021-04-13 20:41:12,452 INFO 19180 [egg-schedule]: register schedule C:\Users\LI\Desktop\egg\egg-todo\node_modules\_egg-logrotator@3.1.0@egg-logrotator\app\schedule\clean_log.js
2021-04-13 20:41:12,452 INFO 19180 [egg-schedule]: register schedule C:\Users\LI\Desktop\egg\egg-todo\node_modules\_egg-logrotator@3.1.0@egg-logrotator\app\schedule\rotate_by_file.js
2021-04-13 20:41:12,452 INFO 19180 [egg-schedule]: register schedule C:\Users\LI\Desktop\egg\egg-todo\app\schedule\sendMsg.js
2021-04-13 20:41:52,357 INFO 19180 [Job#1618317712356147799779454010988] C:\Users\LI\Desktop\egg\egg-todo\app\schedule\sendMsg.js executing by app
2021-04-13 20:41:52,358 INFO 19180 [Job#1618317712356147799779454010988] C:\Users\LI\Desktop\egg\egg-todo\app\schedule\sendMsg.js execute succeed, used 0ms. 
2021-04-13 20:41:52,356 INFO 17632 [Timer] C:\Users\LI\Desktop\egg\egg-todo\app\schedule\sendMsg.js next time will execute after 60000ms at 2021-04-13 20:42:52.356
2021-04-13 20:42:52,359 INFO 19180 [Job#1618317772359147800379482998009] C:\Users\LI\Desktop\egg\egg-todo\app\schedule\sendMsg.js executing by app
2021-04-13 20:42:52,360 INFO 19180 [Job#1618317772359147800379482998009] C:\Users\LI\Desktop\egg\egg-todo\app\schedule\sendMsg.js execute succeed, used 0ms. 
2021-04-13 20:42:52,359 INFO 17632 [Timer] C:\Users\LI\Desktop\egg\egg-todo\app\schedule\sendMsg.js next time will execute after 60000ms at 2021-04-13 20:43:52.359
2021-04-13 20:43:52,360 INFO 19180 [Job#16183178323601478009794904430010] C:\Users\LI\Desktop\egg\egg-todo\app\schedule\sendMsg.js executing by app
2021-04-13 20:43:52,360 INFO 19180 [Job#16183178323601478009794904430010] C:\Users\LI\Desktop\egg\egg-todo\app\schedule\sendMsg.js execute succeed, used 0ms. 
2021-04-13 20:43:52,360 INFO 17632 [Timer] C:\Users\LI\Desktop\egg\egg-todo\app\schedule\sendMsg.js next time will execute after 60000ms at 2021-04-13 20:44:52.360
2021-04-13 20:44:52,362 INFO 19180 [Job#16183178923611478015795053099811] C:\Users\LI\Desktop\egg\egg-todo\app\schedule\sendMsg.js executing by app
2021-04-13 20:44:52,362 INFO 19180 [Job#16183178923611478015795053099811] C:\Users\LI\Desktop\egg\egg-todo\app\schedule\sendMsg.js execute succeed, used 0ms. 
2021-04-13 20:44:52,361 INFO 17632 [Timer] C:\Users\LI\Desktop\egg\egg-todo\app\schedule\sendMsg.js next time will execute after 60000ms at 2021-04-13 20:45:52.361
2021-04-13 20:45:52,362 INFO 19180 [Job#16183179523621478021795101920012] C:\Users\LI\Desktop\egg\egg-todo\app\schedule\sendMsg.js executing by app
2021-04-13 20:45:52,362 INFO 19180 [Job#16183179523621478021795101920012] C:\Users\LI\Desktop\egg\egg-todo\app\schedule\sendMsg.js execute succeed, used 0ms. 
2021-04-13 20:45:52,362 INFO 17632 [Timer] C:\Users\LI\Desktop\egg\egg-todo\app\schedule\sendMsg.js next time will execute after 60000ms at 2021-04-13 20:46:52.362
2021-04-13 20:46:52,364 INFO 19180 [Job#16183180123631478027795241700013] C:\Users\LI\Desktop\egg\egg-todo\app\schedule\sendMsg.js executing by app
2021-04-13 20:46:52,364 INFO 19180 [Job#16183180123631478027795241700013] C:\Users\LI\Desktop\egg\egg-todo\app\schedule\sendMsg.js execute succeed, used 0ms. 
2021-04-13 20:46:52,363 INFO 17632 [Timer] C:\Users\LI\Desktop\egg\egg-todo\app\schedule\sendMsg.js next time will execute after 60000ms at 2021-04-13 20:47:52.363
2021-04-13 20:47:52,365 INFO 19180 [Job#16183180723641478033795360729814] C:\Users\LI\Desktop\egg\egg-todo\app\schedule\sendMsg.js executing by app
2021-04-13 20:47:52,365 INFO 19180 [Job#16183180723641478033795360729814] C:\Users\LI\Desktop\egg\egg-todo\app\schedule\sendMsg.js execute succeed, used 0ms. 
2021-04-13 20:47:52,364 INFO 17632 [Timer] C:\Users\LI\Desktop\egg\egg-todo\app\schedule\sendMsg.js next time will execute after 60000ms at 2021-04-13 20:48:52.364
2021-04-13 20:48:52,365 INFO 19180 [Job#16183181323641478039795340580015] C:\Users\LI\Desktop\egg\egg-todo\app\schedule\sendMsg.js executing by app
2021-04-13 20:48:52,365 INFO 19180 [Job#16183181323641478039795340580015] C:\Users\LI\Desktop\egg\egg-todo\app\schedule\sendMsg.js execute succeed, used 0ms. 
2021-04-13 20:48:52,364 INFO 17632 [Timer] C:\Users\LI\Desktop\egg\egg-todo\app\schedule\sendMsg.js next time will execute after 60000ms at 2021-04-13 20:49:52.364
2021-04-13 20:49:42,377 INFO 19180 [Job#16183181823761478045795384250016] C:\Users\LI\Desktop\egg\egg-todo\app\schedule\sendMsg.js executing by app
2021-04-13 20:49:42,377 INFO 19180 [Job#16183181823761478045795384250016] C:\Users\LI\Desktop\egg\egg-todo\app\schedule\sendMsg.js execute succeed, used 0ms. 
2021-04-13 20:49:42,376 INFO 17632 [Timer] C:\Users\LI\Desktop\egg\egg-todo\app\schedule\sendMsg.js next time will execute after 60000ms at 2021-04-13 20:50:42.376
2021-04-13 20:50:42,378 INFO 19180 [Job#16183182423771478051795526830017] C:\Users\LI\Desktop\egg\egg-todo\app\schedule\sendMsg.js executing by app
2021-04-13 20:50:42,378 INFO 19180 [Job#16183182423771478051795526830017] C:\Users\LI\Desktop\egg\egg-todo\app\schedule\sendMsg.js execute succeed, used 0ms. 
2021-04-13 20:50:42,378 INFO 17632 [Timer] C:\Users\LI\Desktop\egg\egg-todo\app\schedule\sendMsg.js next time will execute after 60000ms at 2021-04-13 20:51:42.378
2021-04-13 20:51:42,380 INFO 19180 [Job#16183183023791478057795671970018] C:\Users\LI\Desktop\egg\egg-todo\app\schedule\sendMsg.js executing by app
2021-04-13 20:51:42,380 INFO 19180 [Job#16183183023791478057795671970018] C:\Users\LI\Desktop\egg\egg-todo\app\schedule\sendMsg.js execute succeed, used 0ms. 
2021-04-13 20:51:42,379 INFO 17632 [Timer] C:\Users\LI\Desktop\egg\egg-todo\app\schedule\sendMsg.js next time will execute after 60000ms at 2021-04-13 20:52:42.379
2021-04-13 20:52:42,380 INFO 19180 [Job#16183183623791478063795710720019] C:\Users\LI\Desktop\egg\egg-todo\app\schedule\sendMsg.js executing by app
2021-04-13 20:52:42,380 INFO 19180 [Job#16183183623791478063795710720019] C:\Users\LI\Desktop\egg\egg-todo\app\schedule\sendMsg.js execute succeed, used 0ms. 
2021-04-13 20:52:42,380 INFO 17632 [Timer] C:\Users\LI\Desktop\egg\egg-todo\app\schedule\sendMsg.js next time will execute after 60000ms at 2021-04-13 20:53:42.380
2021-04-13 20:53:42,381 INFO 17632 [Timer] C:\Users\LI\Desktop\egg\egg-todo\app\schedule\sendMsg.js next time will execute after 60000ms at 2021-04-13 20:54:42.381
2021-04-13 20:53:42,381 INFO 19180 [Job#16183184223811478069795858519820] C:\Users\LI\Desktop\egg\egg-todo\app\schedule\sendMsg.js executing by app
2021-04-13 20:53:42,382 INFO 19180 [Job#16183184223811478069795858519820] C:\Users\LI\Desktop\egg\egg-todo\app\schedule\sendMsg.js execute succeed, used 0ms. 
2021-04-13 20:54:42,381 INFO 17632 [Timer] C:\Users\LI\Desktop\egg\egg-todo\app\schedule\sendMsg.js next time will execute after 60000ms at 2021-04-13 20:55:42.381
2021-04-13 20:54:42,382 INFO 19180 [Job#16183184823811478075795896820021] C:\Users\LI\Desktop\egg\egg-todo\app\schedule\sendMsg.js executing by app
2021-04-13 20:54:42,382 INFO 19180 [Job#16183184823811478075795896820021] C:\Users\LI\Desktop\egg\egg-todo\app\schedule\sendMsg.js execute succeed, used 0ms. 
2021-04-13 20:55:42,383 INFO 17632 [Timer] C:\Users\LI\Desktop\egg\egg-todo\app\schedule\sendMsg.js next time will execute after 60000ms at 2021-04-13 20:56:42.383
2021-04-13 20:55:42,383 INFO 19180 [Job#16183185423831478081796043950022] C:\Users\LI\Desktop\egg\egg-todo\app\schedule\sendMsg.js executing by app
2021-04-13 20:55:42,383 INFO 19180 [Job#16183185423831478081796043950022] C:\Users\LI\Desktop\egg\egg-todo\app\schedule\sendMsg.js execute succeed, used 0ms. 
2021-04-13 20:56:42,384 INFO 17632 [Timer] C:\Users\LI\Desktop\egg\egg-todo\app\schedule\sendMsg.js next time will execute after 60000ms at 2021-04-13 20:57:42.384
2021-04-13 20:56:42,385 INFO 19180 [Job#16183186023841478087796181510023] C:\Users\LI\Desktop\egg\egg-todo\app\schedule\sendMsg.js executing by app
2021-04-13 20:56:42,385 INFO 19180 [Job#16183186023841478087796181510023] C:\Users\LI\Desktop\egg\egg-todo\app\schedule\sendMsg.js execute succeed, used 0ms. 
2021-04-13 20:57:42,385 INFO 17632 [Timer] C:\Users\LI\Desktop\egg\egg-todo\app\schedule\sendMsg.js next time will execute after 60000ms at 2021-04-13 20:58:42.385
2021-04-13 20:57:42,385 INFO 19180 [Job#16183186623851478093796226829824] C:\Users\LI\Desktop\egg\egg-todo\app\schedule\sendMsg.js executing by app
2021-04-13 20:57:42,385 INFO 19180 [Job#16183186623851478093796226829824] C:\Users\LI\Desktop\egg\egg-todo\app\schedule\sendMsg.js execute succeed, used 0ms. 
2021-04-13 20:58:42,385 INFO 17632 [Timer] C:\Users\LI\Desktop\egg\egg-todo\app\schedule\sendMsg.js next time will execute after 60000ms at 2021-04-13 20:59:42.385
2021-04-13 20:58:42,385 INFO 19180 [Job#16183187223851478099796253359825] C:\Users\LI\Desktop\egg\egg-todo\app\schedule\sendMsg.js executing by app
2021-04-13 20:58:42,385 INFO 19180 [Job#16183187223851478099796253359825] C:\Users\LI\Desktop\egg\egg-todo\app\schedule\sendMsg.js execute succeed, used 0ms. 
2021-04-13 20:59:42,385 INFO 17632 [Timer] C:\Users\LI\Desktop\egg\egg-todo\app\schedule\sendMsg.js next time will execute after 60000ms at 2021-04-13 21:00:42.385
2021-04-13 20:59:42,385 INFO 19180 [Job#16183187823851478105796261330026] C:\Users\LI\Desktop\egg\egg-todo\app\schedule\sendMsg.js executing by app
2021-04-13 20:59:42,385 INFO 19180 [Job#16183187823851478105796261330026] C:\Users\LI\Desktop\egg\egg-todo\app\schedule\sendMsg.js execute succeed, used 0ms. 
2021-04-13 21:00:42,386 INFO 17632 [Timer] C:\Users\LI\Desktop\egg\egg-todo\app\schedule\sendMsg.js next time will execute after 60000ms at 2021-04-13 21:01:42.386
2021-04-13 21:00:42,386 INFO 19180 [Job#16183188423861478111796312540027] C:\Users\LI\Desktop\egg\egg-todo\app\schedule\sendMsg.js executing by app
2021-04-13 21:00:42,386 INFO 19180 [Job#16183188423861478111796312540027] C:\Users\LI\Desktop\egg\egg-todo\app\schedule\sendMsg.js execute succeed, used 0ms. 
2021-04-13 21:01:42,387 INFO 17632 [Timer] C:\Users\LI\Desktop\egg\egg-todo\app\schedule\sendMsg.js next time will execute after 60000ms at 2021-04-13 21:02:42.387
2021-04-13 21:01:42,387 INFO 19180 [Job#16183189023871478117796430019828] C:\Users\LI\Desktop\egg\egg-todo\app\schedule\sendMsg.js executing by app
2021-04-13 21:01:42,387 INFO 19180 [Job#16183189023871478117796430019828] C:\Users\LI\Desktop\egg\egg-todo\app\schedule\sendMsg.js execute succeed, used 0ms. 
2021-04-13 21:02:42,387 INFO 17632 [Timer] C:\Users\LI\Desktop\egg\egg-todo\app\schedule\sendMsg.js next time will execute after 60000ms at 2021-04-13 21:03:42.387
2021-04-13 21:02:42,388 INFO 19180 [Job#16183189623871478123796490359829] C:\Users\LI\Desktop\egg\egg-todo\app\schedule\sendMsg.js executing by app
2021-04-13 21:02:42,388 INFO 19180 [Job#16183189623871478123796490359829] C:\Users\LI\Desktop\egg\egg-todo\app\schedule\sendMsg.js execute succeed, used 0ms. 
2021-04-13 21:03:42,388 INFO 17632 [Timer] C:\Users\LI\Desktop\egg\egg-todo\app\schedule\sendMsg.js next time will execute after 60000ms at 2021-04-13 21:04:42.388
2021-04-13 21:03:42,388 INFO 19180 [Job#16183190223881478129796544070030] C:\Users\LI\Desktop\egg\egg-todo\app\schedule\sendMsg.js executing by app
2021-04-13 21:03:42,388 INFO 19180 [Job#16183190223881478129796544070030] C:\Users\LI\Desktop\egg\egg-todo\app\schedule\sendMsg.js execute succeed, used 0ms. 
2021-04-13 21:04:42,388 INFO 17632 [Timer] C:\Users\LI\Desktop\egg\egg-todo\app\schedule\sendMsg.js next time will execute after 60000ms at 2021-04-13 21:05:42.388
2021-04-13 21:04:42,388 INFO 19180 [Job#16183190823881478135796544049831] C:\Users\LI\Desktop\egg\egg-todo\app\schedule\sendMsg.js executing by app
2021-04-13 21:04:42,388 INFO 19180 [Job#16183190823881478135796544049831] C:\Users\LI\Desktop\egg\egg-todo\app\schedule\sendMsg.js execute succeed, used 0ms. 
2021-04-13 21:04:56,535 INFO 9396 [egg-schedule]: register schedule C:\Users\LI\Desktop\egg\egg-todo\node_modules\_egg-multipart@2.10.3@egg-multipart\app\schedule\clean_tmpdir.js
2021-04-13 21:04:56,535 INFO 9396 [egg-schedule]: register schedule C:\Users\LI\Desktop\egg\egg-todo\node_modules\_egg-logrotator@3.1.0@egg-logrotator\app\schedule\clean_log.js
2021-04-13 21:04:56,535 INFO 9396 [egg-schedule]: register schedule C:\Users\LI\Desktop\egg\egg-todo\node_modules\_egg-logrotator@3.1.0@egg-logrotator\app\schedule\rotate_by_file.js
2021-04-13 21:04:56,535 INFO 9396 [egg-schedule]: register schedule C:\Users\LI\Desktop\egg\egg-todo\app\schedule\sendMsg.js
2021-04-13 21:04:59,898 INFO 20696 [egg-schedule]: register schedule C:\Users\LI\Desktop\egg\egg-todo\node_modules\_egg-multipart@2.10.3@egg-multipart\app\schedule\clean_tmpdir.js
2021-04-13 21:04:59,898 INFO 20696 [egg-schedule]: register schedule C:\Users\LI\Desktop\egg\egg-todo\node_modules\_egg-logrotator@3.1.0@egg-logrotator\app\schedule\clean_log.js
2021-04-13 21:04:59,898 INFO 20696 [egg-schedule]: register schedule C:\Users\LI\Desktop\egg\egg-todo\node_modules\_egg-logrotator@3.1.0@egg-logrotator\app\schedule\rotate_by_file.js
2021-04-13 21:04:59,898 INFO 20696 [egg-schedule]: register schedule C:\Users\LI\Desktop\egg\egg-todo\app\schedule\sendMsg.js
2021-04-15 16:00:08,325 INFO 16128 [egg-schedule]: register schedule C:\Users\LI\Desktop\egg\egg-todo\node_modules\_egg-multipart@2.10.3@egg-multipart\app\schedule\clean_tmpdir.js
2021-04-15 16:00:08,325 INFO 16128 [egg-schedule]: register schedule C:\Users\LI\Desktop\egg\egg-todo\node_modules\_egg-logrotator@3.1.0@egg-logrotator\app\schedule\clean_log.js
2021-04-15 16:00:08,325 INFO 16128 [egg-schedule]: register schedule C:\Users\LI\Desktop\egg\egg-todo\node_modules\_egg-logrotator@3.1.0@egg-logrotator\app\schedule\rotate_by_file.js
2021-04-15 16:00:09,011 INFO 5436 [Timer] C:\Users\LI\Desktop\egg\egg-todo\node_modules\_egg-multipart@2.10.3@egg-multipart\app\schedule\clean_tmpdir.js next time will execute after 44990991ms at 2021-04-16 04:30:00.002
2021-04-15 16:00:09,011 INFO 5436 [Timer] C:\Users\LI\Desktop\egg\egg-todo\node_modules\_egg-logrotator@3.1.0@egg-logrotator\app\schedule\clean_log.js next time will execute after 28790989ms at 2021-04-16 00:00:00.000
2021-04-15 16:00:09,011 INFO 5436 [Timer] C:\Users\LI\Desktop\egg\egg-todo\node_modules\_egg-logrotator@3.1.0@egg-logrotator\app\schedule\rotate_by_file.js next time will execute after 28791989ms at 2021-04-16 00:00:01.000
2021-04-15 18:24:54,993 INFO 16200 [egg-schedule]: register schedule C:\Users\LI\Desktop\egg\egg-todo\node_modules\_egg-multipart@2.10.3@egg-multipart\app\schedule\clean_tmpdir.js
2021-04-15 18:24:54,993 INFO 16200 [egg-schedule]: register schedule C:\Users\LI\Desktop\egg\egg-todo\node_modules\_egg-logrotator@3.1.0@egg-logrotator\app\schedule\clean_log.js
2021-04-15 18:24:54,993 INFO 16200 [egg-schedule]: register schedule C:\Users\LI\Desktop\egg\egg-todo\node_modules\_egg-logrotator@3.1.0@egg-logrotator\app\schedule\rotate_by_file.js
2021-04-15 18:24:54,993 INFO 16200 [egg-schedule]: register schedule C:\Users\LI\Desktop\egg\egg-todo\app\schedule\sendMsg.js
