2021-04-13 20:33:52,321 INFO 6024 [egg-sequelize](10ms) Executed (default): SELECT 1+1 AS result
2021-04-13 20:34:28,723 INFO 6024 [egg-sequelize](10ms) Executed (default): SELECT `todo`.`openid`, `todo`.`content`, `todo`.`endTime`, `send_msg`.`id`, `send_msg`.`todoId` FROM `send_msg` AS `send_msg` LEFT OUTER JOIN `todos` AS `todo` ON `send_msg`.`todoId` = `todo`.`id`;
2021-04-13 20:35:22,579 INFO 16232 [egg-sequelize](10ms) Executed (default): SELECT 1+1 AS result
2021-04-13 20:35:24,958 INFO 11344 [egg-sequelize](10ms) Executed (default): SELECT 1+1 AS result
2021-04-13 20:35:50,622 INFO 16908 [egg-sequelize](10ms) Executed (default): SELECT 1+1 AS result
2021-04-13 20:37:43,133 INFO 12968 [egg-sequelize](10ms) Executed (default): SELECT 1+1 AS result
2021-04-13 20:37:54,436 INFO 18832 [egg-sequelize](10ms) Executed (default): SELECT 1+1 AS result
2021-04-13 20:38:14,635 INFO 15648 [egg-sequelize](11ms) Executed (default): SELECT 1+1 AS result
2021-04-13 20:38:42,533 INFO 8316 [egg-sequelize](13ms) Executed (default): SELECT 1+1 AS result
2021-04-13 20:38:52,657 INFO 8316 [egg-sequelize](10ms) Executed (default): SELECT `todo`.`openid`, `todo`.`content`, `todo`.`endTime`, `send_msg`.`id`, `send_msg`.`todoId`, `send_msg`.`lever` FROM `send_msg` AS `send_msg` LEFT OUTER JOIN `todos` AS `todo` ON `send_msg`.`todoId` = `todo`.`id`;
2021-04-13 20:38:52,661 ERROR 8316 [-/127.0.0.1/-/72ms POST /api/sendMsg] nodejs.SequelizeDatabaseError: Unknown column 'send_msg.lever' in 'field list'
    at Query.formatError (C:\Users\LI\Desktop\egg\egg-todo\node_modules\_sequelize@6.6.2@sequelize\lib\dialects\mysql\query.js:265:16)
    at Query.run (C:\Users\LI\Desktop\egg\egg-todo\node_modules\_sequelize@6.6.2@sequelize\lib\dialects\mysql\query.js:77:18)
    at processTicksAndRejections (internal/process/task_queues.js:97:5)
    at async C:\Users\LI\Desktop\egg\egg-todo\node_modules\_sequelize@6.6.2@sequelize\lib\sequelize.js:619:16
    at async MySQLQueryInterface.select (C:\Users\LI\Desktop\egg\egg-todo\node_modules\_sequelize@6.6.2@sequelize\lib\dialects\abstract\query-interface.js:953:12)
    at async Function.findAll (C:\Users\LI\Desktop\egg\egg-todo\node_modules\_sequelize@6.6.2@sequelize\lib\model.js:1753:21)
    at async HomeService.sendMsg (C:\Users\LI\Desktop\egg\egg-todo\app\service\home.js:71:22)
    at async HomeController.sendMsg (C:\Users\LI\Desktop\egg\egg-todo\app\controller\home.js:84:20)
    at async C:\Users\LI\Desktop\egg\egg-todo\node_modules\_egg-development@2.7.0@egg-development\app\middleware\egg_loader_trace.js:9:50
    at async xframe (C:\Users\LI\Desktop\egg\egg-todo\node_modules\_egg-security@2.8.0@egg-security\lib\middlewares\xframe.js:7:5)
name: "SequelizeDatabaseError"
parent: {"code":"ER_BAD_FIELD_ERROR","errno":1054,"sqlState":"42S22","sqlMessage":"Unknown column 'send_msg.lever' in 'field list'","sql":"SELECT `todo`.`openid`, `todo`.`content`, `todo`.`endTime`, `send_msg`.`id`, `send_msg`.`todoId`, `send_msg`.`lever` FROM `send_msg` AS `send_msg` LEFT OUTER JOIN `todos` AS `todo` ON `send_msg`.`todoId` = `todo`.`id`;"}
original: {"code":"ER_BAD_FIELD_ERROR","errno":1054,"sqlState":"42S22","sqlMessage":"Unknown column 'send_msg.lever' in 'field list'","sql":"SELECT `todo`.`openid`, `todo`.`content`, `todo`.`endTime`, `send_msg`.`id`, `send_msg`.`todoId`, `send_msg`.`lever` FROM `send_msg` AS `send_msg` LEFT OUTER JOIN `todos` AS `todo` ON `send_msg`.`todoId` = `todo`.`id`;"}
sql: "SELECT `todo`.`openid`, `todo`.`content`, `todo`.`endTime`, `send_msg`.`id`, `send_msg`.`todoId`, `send_msg`.`lever` FROM `send_msg` AS `send_msg` LEFT OUTER JOIN `todos` AS `todo` ON `send_msg`.`todoId` = `todo`.`id`;"
parameters: undefined
pid: 8316
hostname: DESKTOP-LPGQGKC

2021-04-13 20:39:13,338 INFO 11176 [egg-sequelize](10ms) Executed (default): SELECT 1+1 AS result
2021-04-13 20:39:18,635 INFO 11176 [egg-sequelize](11ms) Executed (default): SELECT `todo`.`openid`, `todo`.`content`, `todo`.`endTime`, `todo`.`lever`, `send_msg`.`id`, `send_msg`.`todoId` FROM `send_msg` AS `send_msg` LEFT OUTER JOIN `todos` AS `todo` ON `send_msg`.`todoId` = `todo`.`id`;
2021-04-13 20:39:18,923 ERROR 11176 [-/127.0.0.1/-/320ms POST /api/sendMsg] nodejs.ReferenceError: res is not defined
    at HomeService.sendMsg (C:\Users\LI\Desktop\egg\egg-todo\app\service\home.js:101:9)
    at processTicksAndRejections (internal/process/task_queues.js:97:5)
    at async HomeController.sendMsg (C:\Users\LI\Desktop\egg\egg-todo\app\controller\home.js:84:20)
    at async C:\Users\LI\Desktop\egg\egg-todo\node_modules\_egg-development@2.7.0@egg-development\app\middleware\egg_loader_trace.js:9:50
    at async xframe (C:\Users\LI\Desktop\egg\egg-todo\node_modules\_egg-security@2.8.0@egg-security\lib\middlewares\xframe.js:7:5)
    at async xssProtection (C:\Users\LI\Desktop\egg\egg-todo\node_modules\_egg-security@2.8.0@egg-security\lib\middlewares\xssProtection.js:7:5)
    at async nosniff (C:\Users\LI\Desktop\egg\egg-todo\node_modules\_egg-security@2.8.0@egg-security\lib\middlewares\nosniff.js:8:5)
    at async noopen (C:\Users\LI\Desktop\egg\egg-todo\node_modules\_egg-security@2.8.0@egg-security\lib\middlewares\noopen.js:8:5)
    at async session (C:\Users\LI\Desktop\egg\egg-todo\node_modules\_koa-session@6.2.0@koa-session\index.js:41:7)
    at async bodyParser (C:\Users\LI\Desktop\egg\egg-todo\node_modules\_koa-bodyparser@4.3.0@koa-bodyparser\index.js:95:5)

pid: 11176
hostname: DESKTOP-LPGQGKC

2021-04-13 20:39:57,003 INFO 20852 [egg-sequelize](17ms) Executed (default): SELECT 1+1 AS result
2021-04-13 20:40:07,192 INFO 1828 [egg-sequelize](13ms) Executed (default): SELECT 1+1 AS result
2021-04-13 20:40:12,684 INFO 1828 [egg-sequelize](13ms) Executed (default): SELECT `todo`.`openid`, `todo`.`content`, `todo`.`endTime`, `todo`.`lever`, `send_msg`.`id`, `send_msg`.`todoId` FROM `send_msg` AS `send_msg` LEFT OUTER JOIN `todos` AS `todo` ON `send_msg`.`todoId` = `todo`.`id`;
2021-04-13 20:40:27,996 INFO 1828 [egg-sequelize](10ms) Executed (default): SELECT `todo`.`openid`, `todo`.`content`, `todo`.`endTime`, `todo`.`lever`, `send_msg`.`id`, `send_msg`.`todoId` FROM `send_msg` AS `send_msg` LEFT OUTER JOIN `todos` AS `todo` ON `send_msg`.`todoId` = `todo`.`id`;
2021-04-13 20:40:58,501 INFO 4132 [egg-sequelize](9ms) Executed (default): SELECT 1+1 AS result
2021-04-13 20:41:09,767 INFO 10292 [egg-sequelize](10ms) Executed (default): SELECT 1+1 AS result
2021-04-13 20:41:13,243 INFO 19180 [egg-sequelize](13ms) Executed (default): SELECT 1+1 AS result
2021-04-13 20:42:21,025 INFO 19180 [egg-sequelize](10ms) Executed (default): SELECT `todo`.`openid`, `todo`.`content`, `todo`.`endTime`, `todo`.`lever`, `send_msg`.`id`, `send_msg`.`todoId` FROM `send_msg` AS `send_msg` LEFT OUTER JOIN `todos` AS `todo` ON `send_msg`.`todoId` = `todo`.`id`;
2021-04-13 21:04:57,143 INFO 9396 [egg-sequelize](10ms) Executed (default): SELECT 1+1 AS result
2021-04-13 21:05:00,606 INFO 20696 [egg-sequelize](13ms) Executed (default): SELECT 1+1 AS result
2021-04-15 16:00:08,997 INFO 16128 [egg-sequelize](10ms) Executed (default): SELECT 1+1 AS result
2021-04-15 16:00:57,028 INFO 16128 [egg-sequelize](14ms) Executed (default): SELECT `id`, `openid`, `content`, `createTime`, `remarks`, `status`, `lever`, `endTime` FROM `todos` AS `todos` WHERE `todos`.`openid` = '' ORDER BY `todos`.`id` DESC;
2021-04-15 16:01:15,831 INFO 16128 [egg-sequelize](13ms) Executed (default): SELECT `id`, `openid`, `content`, `createTime`, `remarks`, `status`, `lever`, `endTime` FROM `todos` AS `todos` WHERE `todos`.`openid` = 'otTEY498k5mvP8cV6u0ugF1mSrH0' ORDER BY `todos`.`id` DESC;
2021-04-15 16:01:41,407 INFO 16128 [egg-sequelize](14ms) Executed (default): SELECT `id`, `openid`, `content`, `createTime`, `remarks`, `status`, `lever`, `endTime` FROM `todos` AS `todos` WHERE `todos`.`openid` = 'otTEY498k5mvP8cV6u0ugF1mSrH0' ORDER BY `todos`.`id` DESC;
2021-04-15 16:08:06,625 INFO 16128 [egg-sequelize](10ms) Executed (default): SELECT `id`, `openid`, `content`, `createTime`, `remarks`, `status`, `lever`, `endTime` FROM `todos` AS `todos` WHERE `todos`.`openid` = 'otTEY498k5mvP8cV6u0ugF1mSrH0' ORDER BY `todos`.`id` DESC;
2021-04-15 16:08:17,960 INFO 16128 [egg-sequelize](10ms) Executed (default): SELECT `id`, `openid`, `content`, `createTime`, `remarks`, `status`, `lever`, `endTime` FROM `todos` AS `todos` WHERE `todos`.`openid` = 'otTEY498k5mvP8cV6u0ugF1mSrH0' ORDER BY `todos`.`id` DESC;
2021-04-15 16:08:32,160 INFO 16128 [egg-sequelize](10ms) Executed (default): SELECT `id`, `openid`, `content`, `createTime`, `remarks`, `status`, `lever`, `endTime` FROM `todos` AS `todos` WHERE `todos`.`openid` = 'otTEY498k5mvP8cV6u0ugF1mSrH0' ORDER BY `todos`.`id` DESC;
2021-04-15 16:08:35,491 INFO 16128 [egg-sequelize](10ms) Executed (default): SELECT `id`, `openid`, `content`, `createTime`, `remarks`, `status`, `lever`, `endTime` FROM `todos` AS `todos` WHERE `todos`.`openid` = 'otTEY498k5mvP8cV6u0ugF1mSrH0' ORDER BY `todos`.`id` DESC;
2021-04-15 16:09:02,808 INFO 16128 [egg-sequelize](10ms) Executed (default): SELECT `id`, `openid`, `content`, `createTime`, `remarks`, `status`, `lever`, `endTime` FROM `todos` AS `todos` WHERE `todos`.`openid` = 'otTEY498k5mvP8cV6u0ugF1mSrH0' ORDER BY `todos`.`id` DESC;
2021-04-15 16:09:09,825 INFO 16128 [egg-sequelize](11ms) Executed (default): SELECT `id`, `openid`, `content`, `createTime`, `remarks`, `status`, `lever`, `endTime` FROM `todos` AS `todos` WHERE `todos`.`openid` = '' ORDER BY `todos`.`id` DESC;
2021-04-15 16:09:28,966 INFO 16128 [egg-sequelize](18ms) Executed (default): SELECT `id`, `openid`, `content`, `createTime`, `remarks`, `status`, `lever`, `endTime` FROM `todos` AS `todos` WHERE `todos`.`openid` = 'otTEY498k5mvP8cV6u0ugF1mSrH0' ORDER BY `todos`.`id` DESC;
2021-04-15 16:09:35,403 INFO 16128 [egg-sequelize](17ms) Executed (default): SELECT `id`, `openid`, `content`, `createTime`, `remarks`, `status`, `lever`, `endTime` FROM `todos` AS `todos` WHERE `todos`.`openid` = 'otTEY498k5mvP8cV6u0ugF1mSrH0' ORDER BY `todos`.`id` DESC;
2021-04-15 16:09:51,973 INFO 16128 [egg-sequelize](14ms) Executed (default): SELECT `id`, `openid`, `content`, `createTime`, `remarks`, `status`, `lever`, `endTime` FROM `todos` AS `todos` WHERE `todos`.`openid` = 'otTEY498k5mvP8cV6u0ugF1mSrH0' ORDER BY `todos`.`id` DESC;
2021-04-15 16:10:00,389 INFO 16128 [egg-sequelize](13ms) Executed (default): SELECT `id`, `openid`, `content`, `createTime`, `remarks`, `status`, `lever`, `endTime` FROM `todos` AS `todos` WHERE `todos`.`openid` = 'otTEY498k5mvP8cV6u0ugF1mSrH0' ORDER BY `todos`.`id` DESC;
2021-04-15 16:10:27,111 INFO 16128 [egg-sequelize](9ms) Executed (default): SELECT `id`, `openid`, `content`, `createTime`, `remarks`, `status`, `lever`, `endTime` FROM `todos` AS `todos` WHERE `todos`.`openid` = 'otTEY498k5mvP8cV6u0ugF1mSrH0' ORDER BY `todos`.`id` DESC;
2021-04-15 16:10:38,313 INFO 16128 [egg-sequelize](10ms) Executed (default): SELECT `id`, `openid`, `content`, `createTime`, `remarks`, `status`, `lever`, `endTime` FROM `todos` AS `todos` WHERE `todos`.`openid` = 'otTEY498k5mvP8cV6u0ugF1mSrH0' ORDER BY `todos`.`id` DESC;
2021-04-15 16:10:48,450 INFO 16128 [egg-sequelize](14ms) Executed (default): SELECT `id`, `openid`, `content`, `createTime`, `remarks`, `status`, `lever`, `endTime` FROM `todos` AS `todos` WHERE `todos`.`openid` = 'otTEY498k5mvP8cV6u0ugF1mSrH0' ORDER BY `todos`.`id` DESC;
2021-04-15 16:10:50,344 INFO 16128 [egg-sequelize](13ms) Executed (default): SELECT `id`, `openid`, `content`, `createTime`, `remarks`, `status`, `lever`, `endTime` FROM `todos` AS `todos` WHERE `todos`.`openid` = 'otTEY498k5mvP8cV6u0ugF1mSrH0' ORDER BY `todos`.`id` DESC;
2021-04-15 16:11:06,347 INFO 16128 [egg-sequelize](14ms) Executed (default): SELECT `id`, `openid`, `content`, `createTime`, `remarks`, `status`, `lever`, `endTime` FROM `todos` AS `todos` WHERE `todos`.`openid` = 'otTEY498k5mvP8cV6u0ugF1mSrH0' ORDER BY `todos`.`id` DESC;
2021-04-15 16:11:37,587 INFO 16128 [egg-sequelize](10ms) Executed (default): SELECT `id`, `openid`, `content`, `createTime`, `remarks`, `status`, `lever`, `endTime` FROM `todos` AS `todos` WHERE `todos`.`openid` = 'otTEY498k5mvP8cV6u0ugF1mSrH0' ORDER BY `todos`.`id` DESC;
2021-04-15 16:11:47,320 INFO 16128 [egg-sequelize](11ms) Executed (default): SELECT `id`, `openid`, `content`, `createTime`, `remarks`, `status`, `lever`, `endTime` FROM `todos` AS `todos` WHERE `todos`.`openid` = 'otTEY498k5mvP8cV6u0ugF1mSrH0' ORDER BY `todos`.`id` DESC;
2021-04-15 16:11:49,261 INFO 16128 [egg-sequelize](11ms) Executed (default): SELECT `id`, `openid`, `content`, `createTime`, `remarks`, `status`, `lever`, `endTime` FROM `todos` AS `todos` WHERE `todos`.`openid` = 'otTEY498k5mvP8cV6u0ugF1mSrH0' ORDER BY `todos`.`id` DESC;
2021-04-15 16:11:53,873 INFO 16128 [egg-sequelize](11ms) Executed (default): SELECT `id`, `openid`, `content`, `createTime`, `remarks`, `status`, `lever`, `endTime` FROM `todos` AS `todos` WHERE `todos`.`openid` = 'otTEY498k5mvP8cV6u0ugF1mSrH0' ORDER BY `todos`.`id` DESC;
2021-04-15 16:12:02,385 INFO 16128 [egg-sequelize](10ms) Executed (default): SELECT `id`, `openid`, `content`, `createTime`, `remarks`, `status`, `lever`, `endTime` FROM `todos` AS `todos` WHERE `todos`.`openid` = 'otTEY498k5mvP8cV6u0ugF1mSrH0' ORDER BY `todos`.`id` DESC;
2021-04-15 16:12:10,486 INFO 16128 [egg-sequelize](10ms) Executed (default): SELECT `id`, `openid`, `content`, `createTime`, `remarks`, `status`, `lever`, `endTime` FROM `todos` AS `todos` WHERE `todos`.`openid` = 'otTEY498k5mvP8cV6u0ugF1mSrH0' ORDER BY `todos`.`id` DESC;
2021-04-15 16:12:22,862 INFO 16128 [egg-sequelize](19ms) Executed (default): DELETE FROM `todos` WHERE `id` = 117
2021-04-15 16:12:22,899 INFO 16128 [egg-sequelize](13ms) Executed (default): SELECT `id`, `openid`, `content`, `createTime`, `remarks`, `status`, `lever`, `endTime` FROM `todos` AS `todos` WHERE `todos`.`openid` = 'otTEY498k5mvP8cV6u0ugF1mSrH0' ORDER BY `todos`.`id` DESC;
2021-04-15 16:12:26,413 INFO 16128 [egg-sequelize](18ms) Executed (default): DELETE FROM `todos` WHERE `id` = 74
2021-04-15 16:12:26,444 INFO 16128 [egg-sequelize](13ms) Executed (default): SELECT `id`, `openid`, `content`, `createTime`, `remarks`, `status`, `lever`, `endTime` FROM `todos` AS `todos` WHERE `todos`.`openid` = 'otTEY498k5mvP8cV6u0ugF1mSrH0' ORDER BY `todos`.`id` DESC;
2021-04-15 16:12:27,455 INFO 16128 [egg-sequelize](34ms) Executed (default): UPDATE `todos` SET `id`=?,`status`=? WHERE `id` = ?
2021-04-15 16:12:27,487 INFO 16128 [egg-sequelize](13ms) Executed (default): SELECT `id`, `openid`, `content`, `createTime`, `remarks`, `status`, `lever`, `endTime` FROM `todos` AS `todos` WHERE `todos`.`openid` = 'otTEY498k5mvP8cV6u0ugF1mSrH0' ORDER BY `todos`.`id` DESC;
2021-04-15 16:12:28,201 INFO 16128 [egg-sequelize](18ms) Executed (default): UPDATE `todos` SET `id`=?,`status`=? WHERE `id` = ?
2021-04-15 16:12:28,231 INFO 16128 [egg-sequelize](13ms) Executed (default): SELECT `id`, `openid`, `content`, `createTime`, `remarks`, `status`, `lever`, `endTime` FROM `todos` AS `todos` WHERE `todos`.`openid` = 'otTEY498k5mvP8cV6u0ugF1mSrH0' ORDER BY `todos`.`id` DESC;
2021-04-15 16:12:58,431 INFO 16128 [egg-sequelize](19ms) Executed (default): DELETE FROM `todos` WHERE `id` = 132
2021-04-15 16:12:58,463 INFO 16128 [egg-sequelize](13ms) Executed (default): SELECT `id`, `openid`, `content`, `createTime`, `remarks`, `status`, `lever`, `endTime` FROM `todos` AS `todos` WHERE `todos`.`openid` = 'otTEY498k5mvP8cV6u0ugF1mSrH0' ORDER BY `todos`.`id` DESC;
2021-04-15 16:15:15,584 INFO 16128 [egg-sequelize](32ms) Executed (default): UPDATE `todos` SET `id`=?,`status`=? WHERE `id` = ?
2021-04-15 16:15:15,613 INFO 16128 [egg-sequelize](10ms) Executed (default): SELECT `id`, `openid`, `content`, `createTime`, `remarks`, `status`, `lever`, `endTime` FROM `todos` AS `todos` WHERE `todos`.`openid` = 'otTEY498k5mvP8cV6u0ugF1mSrH0' ORDER BY `todos`.`id` DESC;
2021-04-15 16:15:16,768 INFO 16128 [egg-sequelize](27ms) Executed (default): UPDATE `todos` SET `id`=?,`status`=? WHERE `id` = ?
2021-04-15 16:15:16,798 INFO 16128 [egg-sequelize](10ms) Executed (default): SELECT `id`, `openid`, `content`, `createTime`, `remarks`, `status`, `lever`, `endTime` FROM `todos` AS `todos` WHERE `todos`.`openid` = 'otTEY498k5mvP8cV6u0ugF1mSrH0' ORDER BY `todos`.`id` DESC;
2021-04-15 18:24:55,602 INFO 16200 [egg-sequelize](9ms) Executed (default): SELECT 1+1 AS result
2021-04-15 18:25:00,706 INFO 16240 [egg-sequelize](9ms) Executed (default): SELECT 1+1 AS result
2021-04-16 09:51:03,219 INFO 11624 [egg-sequelize](13ms) Executed (default): SELECT 1+1 AS result
2021-04-16 09:51:18,019 INFO 11624 [egg-sequelize](12ms) Executed (default): SELECT `todo`.`openid`, `todo`.`content`, `todo`.`endTime`, `todo`.`lever`, `send_msg`.`id`, `send_msg`.`todoId` FROM `send_msg` AS `send_msg` LEFT OUTER JOIN `todos` AS `todo` ON `send_msg`.`todoId` = `todo`.`id`;
2021-04-16 09:51:49,109 INFO 11624 [egg-sequelize](10ms) Executed (default): SELECT `todo`.`openid`, `todo`.`content`, `todo`.`endTime`, `todo`.`lever`, `send_msg`.`id`, `send_msg`.`todoId` FROM `send_msg` AS `send_msg` LEFT OUTER JOIN `todos` AS `todo` ON `send_msg`.`todoId` = `todo`.`id`;
2021-04-16 09:52:03,304 INFO 11624 [egg-sequelize](13ms) Executed (default): SELECT `todo`.`openid`, `todo`.`content`, `todo`.`endTime`, `todo`.`lever`, `send_msg`.`id`, `send_msg`.`todoId` FROM `send_msg` AS `send_msg` LEFT OUTER JOIN `todos` AS `todo` ON `send_msg`.`todoId` = `todo`.`id`;
2021-04-16 09:52:07,907 INFO 14784 [egg-sequelize](10ms) Executed (default): SELECT 1+1 AS result
2021-04-16 09:52:22,274 INFO 14784 [egg-sequelize](14ms) Executed (default): SELECT `todo`.`openid`, `todo`.`content`, `todo`.`endTime`, `todo`.`lever`, `send_msg`.`id`, `send_msg`.`todoId` FROM `send_msg` AS `send_msg` LEFT OUTER JOIN `todos` AS `todo` ON `send_msg`.`todoId` = `todo`.`id`;
2021-04-16 09:52:22,613 INFO 14784 [egg-sequelize](20ms) Executed (default): DELETE FROM `send_msg` WHERE `id` = 11
2021-04-16 09:52:43,843 INFO 14784 [egg-sequelize](10ms) Executed (default): SELECT `todo`.`openid`, `todo`.`content`, `todo`.`endTime`, `todo`.`lever`, `send_msg`.`id`, `send_msg`.`todoId` FROM `send_msg` AS `send_msg` LEFT OUTER JOIN `todos` AS `todo` ON `send_msg`.`todoId` = `todo`.`id`;
2021-04-16 09:52:44,790 INFO 20976 [egg-sequelize](13ms) Executed (default): SELECT 1+1 AS result
2021-04-16 09:52:56,528 INFO 20976 [egg-sequelize](10ms) Executed (default): SELECT `todo`.`openid`, `todo`.`content`, `todo`.`endTime`, `todo`.`lever`, `send_msg`.`id`, `send_msg`.`todoId` FROM `send_msg` AS `send_msg` LEFT OUTER JOIN `todos` AS `todo` ON `send_msg`.`todoId` = `todo`.`id`;
2021-04-16 09:52:56,857 INFO 20976 [egg-sequelize](15ms) Executed (default): DELETE FROM `send_msg` WHERE `id` = 18
2021-04-16 09:53:03,251 INFO 20976 [egg-sequelize](11ms) Executed (default): SELECT `todo`.`openid`, `todo`.`content`, `todo`.`endTime`, `todo`.`lever`, `send_msg`.`id`, `send_msg`.`todoId` FROM `send_msg` AS `send_msg` LEFT OUTER JOIN `todos` AS `todo` ON `send_msg`.`todoId` = `todo`.`id`;
2021-04-16 09:53:18,376 INFO 20976 [egg-sequelize](9ms) Executed (default): SELECT `todo`.`openid`, `todo`.`content`, `todo`.`endTime`, `todo`.`lever`, `send_msg`.`id`, `send_msg`.`todoId` FROM `send_msg` AS `send_msg` LEFT OUTER JOIN `todos` AS `todo` ON `send_msg`.`todoId` = `todo`.`id`;
2021-04-16 09:53:18,704 INFO 20976 [egg-sequelize](15ms) Executed (default): DELETE FROM `send_msg` WHERE `id` = 19
